2023-12-19 08:36:24 - Escaneo 1 para 2023-12-19: 1. Z:/TDP_163_80413_918_97_23621 - Informe: Z:/TDP_163_80413_918_97_23621\TDP_163_80413_918_97_23621_scan_report_antivirus.txt
2023-12-19 08:37:10 - Escaneo 2 para 2023-12-19: 1. Z:/TDP_163_80011_1487_160_23248 - Informe: Z:/TDP_163_80011_1487_160_23248\TDP_163_80011_1487_160_23248_scan_report_antivirus.txt
2023-12-19 08:38:10 - Escaneo 3 para 2023-12-19: 2. Z:/TDP_189_86111_1626_132_40081 - Informe: Z:/TDP_189_86111_1626_132_40081\TDP_189_86111_1626_132_40081_scan_report_antivirus.txt
2023-12-19 08:38:10 - Escaneo 4 para 2023-12-19: 1. Z:/TDP_189_86111_1624_132_40077 - Informe: Z:/TDP_189_86111_1624_132_40077\TDP_189_86111_1624_132_40077_scan_report_antivirus.txt
2023-12-19 08:38:30 - Escaneo 5 para 2023-12-19: 3. Z:/TDP_189_86111_1624_132_40078 - Informe: Z:/TDP_189_86111_1624_132_40078\TDP_189_86111_1624_132_40078_scan_report_antivirus.txt
2023-12-19 10:04:59 - Escaneo 1 para 2023-12-19: 3. Z:/TDP_189_86111_1624_132_40079 - Informe: Z:/TDP_189_86111_1624_132_40079\TDP_189_86111_1624_132_40079_scan_report_b2cd337c36094d2294026f1321ea6ac1.txt
2023-12-19 10:05:01 - Escaneo 2 para 2023-12-19: 2. Z:/TDP_189_86111_1624_132_40078 - Informe: Z:/TDP_189_86111_1624_132_40078\TDP_189_86111_1624_132_40078_scan_report_490d53034a0d454085af0e3189f79ac8.txt
2023-12-19 10:05:02 - Escaneo 3 para 2023-12-19: 4. Z:/TDP_189_86111_1626_132_40080 - Informe: Z:/TDP_189_86111_1626_132_40080\TDP_189_86111_1626_132_40080_scan_report_fb20656da0a84d75983f80f07c9f27a8.txt
2023-12-19 10:05:03 - Escaneo 4 para 2023-12-19: 1. Z:/TDP_189_86111_1626_132_40081 - Informe: Z:/TDP_189_86111_1626_132_40081\TDP_189_86111_1626_132_40081_scan_report_458d81bc0af641f0949e1185f0edad35.txt
2023-12-19 10:17:55 - Escaneo 5 para 2023-12-19: 1. Z:/TDP_163_80011_1487_160_23248 - Informe: Z:/TDP_163_80011_1487_160_23248\TDP_163_80011_1487_160_23248_scan_report_antivirus.txt
2023-12-19 10:23:24 - Escaneo 6 para 2023-12-19: 1. Z:/TDP_163_80011_1487_160_23248 - Informe: Z:/TDP_163_80011_1487_160_23248\TDP_163_80011_1487_160_23248_scan_report_antivirus.txt
2023-12-19 10:27:29 - Escaneo 7 para 2023-12-19: 1. Z:/TDP_163_80011_1487_160_23248 - Informe: Z:/TDP_163_80011_1487_160_23248\TDP_163_80011_1487_160_23248_scan_report_antivirus.txt
2023-12-19 10:28:41 - Escaneo 8 para 2023-12-19: 1. Z:/TDP_163_80011_1487_160_23248 - Informe: Z:/TDP_163_80011_1487_160_23248\TDP_163_80011_1487_160_23248_scan_report_antivirus.txt
2023-12-19 10:28:43 - Escaneo 9 para 2023-12-19: 3. Z:/TDP_189_86111_1626_132_40081 - Informe: Z:/TDP_189_86111_1626_132_40081\TDP_189_86111_1626_132_40081_scan_report_antivirus.txt
2023-12-19 10:28:44 - Escaneo 10 para 2023-12-19: 2. Z:/TDP_189_86111_1624_132_40077 - Informe: Z:/TDP_189_86111_1624_132_40077\TDP_189_86111_1624_132_40077_scan_report_antivirus.txt
2023-12-19 10:28:45 - Escaneo 11 para 2023-12-19: 4. Z:/TDP_189_86111_1624_132_40078 - Informe: Z:/TDP_189_86111_1624_132_40078\TDP_189_86111_1624_132_40078_scan_report_antivirus.txt
2023-12-19 10:28:45 - Escaneo 12 para 2023-12-19: 5. Z:/TDP_189_86111_1624_132_40079 - Informe: Z:/TDP_189_86111_1624_132_40079\TDP_189_86111_1624_132_40079_scan_report_antivirus.txt
2023-12-19 10:33:37 - Escaneo 13 para 2023-12-19: 1. Z:/TDP_163_80011_1487_160_23248 - Informe: Z:/TDP_163_80011_1487_160_23248\scan_report_b9c21e710d0740c69fb5c5201626bc52.txt
2023-12-19 10:33:57 - Escaneo 14 para 2023-12-19: 2. Z:/TDP_189_86111_1624_132_40077 - Informe: Z:/TDP_189_86111_1624_132_40077\scan_report_0de6336d676e4f7f954035c87d283b4f.txt
2023-12-19 10:34:17 - Escaneo 15 para 2023-12-19: 3. Z:/TDP_189_86111_1626_132_40081 - Informe: Z:/TDP_189_86111_1626_132_40081\scan_report_a535e253bc3347148fde72583ed22e18.txt
2023-12-19 10:34:59 - Escaneo 16 para 2023-12-19: 4. Z:/TDP_189_86111_1624_132_40078 - Informe: Z:/TDP_189_86111_1624_132_40078\scan_report_c1861c37fc67419791f8cdc55a9d1373.txt
2023-12-19 10:35:55 - Escaneo 17 para 2023-12-19: 5. Z:/TDP_189_86111_1624_132_40079 - Informe: Z:/TDP_189_86111_1624_132_40079\scan_report_9252a3e2c7fb4ca49bd93c7c0fe23f1f.txt
2023-12-19 10:38:54 - Escaneo 18 para 2023-12-19: 2. Z:/TDP_189_86111_1624_132_40077 - Informe: Z:/TDP_189_86111_1624_132_40077\TDP_189_86111_1624_132_40077_scan_report_antivirus.txt
2023-12-19 10:39:14 - Escaneo 19 para 2023-12-19: 1. Z:/TDP_163_80011_1487_160_23248 - Informe: Z:/TDP_163_80011_1487_160_23248\TDP_163_80011_1487_160_23248_scan_report_antivirus.txt
2023-12-19 10:39:33 - Escaneo 20 para 2023-12-19: 3. Z:/TDP_189_86111_1626_132_40081 - Informe: Z:/TDP_189_86111_1626_132_40081\TDP_189_86111_1626_132_40081_scan_report_antivirus.txt
2023-12-19 10:40:14 - Escaneo 21 para 2023-12-19: 4. Z:/TDP_189_86111_1624_132_40078 - Informe: Z:/TDP_189_86111_1624_132_40078\TDP_189_86111_1624_132_40078_scan_report_antivirus.txt
2023-12-19 10:46:50 - Escaneo 1 para 2023-12-19: 1. Z:/TDP_189_86111_1624_132_40079 - Informe: Z:/TDP_189_86111_1624_132_40079\TDP_189_86111_1624_132_40079_scan_report_antivirus.txt
2023-12-19 10:47:30 - Escaneo 2 para 2023-12-19: 2. Z:/TDP_189_86111_1624_132_40078 - Informe: Z:/TDP_189_86111_1624_132_40078\TDP_189_86111_1624_132_40078_scan_report_antivirus.txt
2023-12-19 10:47:49 - Escaneo 3 para 2023-12-19: 3. Z:/TDP_189_86111_1626_132_40081 - Informe: Z:/TDP_189_86111_1626_132_40081\TDP_189_86111_1626_132_40081_scan_report_antivirus.txt
2023-12-19 10:49:36 - Escaneo 4 para 2023-12-19: 1. Z:/TDP_163_80011_1487_160_23248 - Informe: Z:/TDP_163_80011_1487_160_23248\TDP_163_80011_1487_160_23248_scan_report_antivirus.txt
2023-12-19 10:49:57 - Escaneo 5 para 2023-12-19: 3. Z:/TDP_189_86111_1626_132_40081 - Informe: Z:/TDP_189_86111_1626_132_40081\TDP_189_86111_1626_132_40081_scan_report_antivirus.txt
2023-12-19 11:26:21 - Escaneo 1 para 2023-12-19: 1. Z:/TDP_163_80011_1487_160_23248 - Informe: Z:/TDP_163_80011_1487_160_23248\TDP_163_80011_1487_160_23248_scan_report_antivirus.txt
2023-12-19 11:26:41 - Escaneo 2 para 2023-12-19: 2. Z:/TDP_189_86111_1624_132_40077 - Informe: Z:/TDP_189_86111_1624_132_40077\TDP_189_86111_1624_132_40077_scan_report_antivirus.txt
2023-12-19 11:28:04 - Escaneo 3 para 2023-12-19: 1. Z:/TDP_189_86111_1626_132_40081 - Informe: Z:/TDP_189_86111_1626_132_40081\TDP_189_86111_1626_132_40081_scan_report_antivirus.txt
2023-12-19 11:28:44 - Escaneo 4 para 2023-12-19: 2. Z:/TDP_189_86111_1624_132_40078 - Informe: Z:/TDP_189_86111_1624_132_40078\TDP_189_86111_1624_132_40078_scan_report_antivirus.txt
2023-12-20 07:36:21 - Escaneo 1 para 2023-12-20: 1. Z:/TDP_163_80011_1487_160_23248 - Informe: Z:/TDP_163_80011_1487_160_23248\TDP_163_80011_1487_160_23248_scan_report_antivirus.txt
2023-12-20 07:36:40 - Escaneo 2 para 2023-12-20: 2. Z:/TDP_189_86111_1624_132_40077 - Informe: Z:/TDP_189_86111_1624_132_40077\TDP_189_86111_1624_132_40077_scan_report_antivirus.txt
2023-12-20 07:36:59 - Escaneo 3 para 2023-12-20: 3. Z:/TDP_189_86111_1626_132_40081 - Informe: Z:/TDP_189_86111_1626_132_40081\TDP_189_86111_1626_132_40081_scan_report_antivirus.txt
2023-12-20 07:37:18 - Escaneo 4 para 2023-12-20: 1. Z:/TDP_163_80011_1487_160_23248 - Informe: Z:/TDP_163_80011_1487_160_23248\TDP_163_80011_1487_160_23248_scan_report_antivirus.txt
2023-12-20 09:23:26 - Escaneo 4 para 2023-12-20: 1. Z:/TDP_163_80011_1487_160_23248 - Informe: 1. Z:/TDP_163_80011_1487_160_23248\TDP_163_80011_1487_160_23248_scan_report_antivirus.txt
2023-12-20 09:25:03 - Escaneo 5 para 2023-12-20: 2. Z:/TDP_189_86111_1624_132_40077 - Informe: 2. Z:\TDP_189_86111_1624_132_40077\TDP_189_86111_1624_132_40077_scan_report_antivirus.txt
2023-12-20 09:25:03 - Escaneo 4 para 2023-12-20: 3. Z:/TDP_189_86111_1626_132_40081 - Informe: 3. Z:\TDP_189_86111_1626_132_40081\TDP_189_86111_1626_132_40081_scan_report_antivirus.txt
2023-12-20 09:25:03 - Escaneo 6 para 2023-12-20: 1. Z:/TDP_163_80011_1487_160_23248 - Informe: 1. Z:\TDP_163_80011_1487_160_23248\TDP_163_80011_1487_160_23248_scan_report_antivirus.txt
2023-12-20 10:03:31 - Escaneo 1 para 2023-12-20: 1. Z:/TDP_163_80011_1487_160_23248 - Informe: None
2023-12-20 11:08:14 - Escaneo 1 para 2023-12-20: 1. Z:/TDP_187_80116_154_15_36320 - Informe: Z:/TDP_187_80116_154_15_36320\TDP_187_80116_154_15_36320_scan_report_antivirus.txt
2023-12-20 11:42:59 - Escaneo 3 para 2023-12-20: 1. Z:/TDP_150_84112_180_22_26019 - Informe: Z:/TDP_150_84112_180_22_26019\TDP_150_84112_180_22_26019_scan_report_antivirus.txt
2023-12-20 11:43:19 - Escaneo 4 para 2023-12-20: 2. Z:/TDP_187_80116_154_15_36320 - Informe: Z:/TDP_187_80116_154_15_36320\TDP_187_80116_154_15_36320_scan_report_antivirus.txt
2023-12-20 12:22:41 - Escaneo 1 para 2023-12-20: 1. Z:/TDP_150_84112_180_22_26019 - Informe: Z:/TDP_150_84112_180_22_26019\TDP_150_84112_180_22_26019_scan_report_antivirus.txt
2023-12-20 12:23:40 - Escaneo 2 para 2023-12-20: 1. Z:/TDP_187_80116_154_15_36320 - Informe: Z:/TDP_187_80116_154_15_36320\TDP_187_80116_154_15_36320_scan_report_antivirus.txt
2023-12-20 12:23:59 - Escaneo 3 para 2023-12-20: 2. Z:/TDP_163_80011_1487_160_23248 - Informe: Z:/TDP_163_80011_1487_160_23248\TDP_163_80011_1487_160_23248_scan_report_antivirus.txt
2023-12-20 12:25:40 - Escaneo 4 para 2023-12-20: 1. Z:/TDP_150_84112_180_22_26019 - Informe: Z:/TDP_150_84112_180_22_26019\TDP_150_84112_180_22_26019_scan_report_antivirus.txt
2023-12-20 12:29:20 - Escaneo 5 para 2023-12-20: 1. Z:/TDP_150_84112_180_22_26019 - Informe: Z:/TDP_150_84112_180_22_26019\TDP_150_84112_180_22_26019_scan_report_antivirus.txt
2023-12-20 12:31:14 - Escaneo 5 para 2023-12-20: 1. Z:/TDP_150_84112_180_22_26019 - Informe: Z:/TDP_150_84112_180_22_26019\TDP_150_84112_180_22_26019_scan_report_antivirus.txt
2023-12-20 12:33:45 - Escaneo 6 para 2023-12-20: 1. Z:/TDP_150_84112_180_22_26019 - Informe: Z:/TDP_150_84112_180_22_26019\TDP_150_84112_180_22_26019_scan_report_antivirus.txt
